[2026-06-17 20:19:58] [ЮЗЕР -> БОТ] ID 1087757529 (@dmoley): /start
[2026-06-17 20:24:34] [ЮЗЕР -> БОТ] ID 7899153362 (@Ka1D3en): /start
[2026-06-17 20:27:04] [ЮЗЕР -> БОТ] ID 7899153362 (@Ka1D3en): /start
[2026-06-17 20:27:31] [ЮЗЕР -> БОТ] ID 7899153362 (@Ka1D3en): asdasd
[2026-06-17 20:28:09] [ЮЗЕР -> БОТ] ID 7899153362 (@Ka1D3en): 👔 Для админов
[2026-06-17 20:28:17] [ЮЗЕР -> БОТ] ID 7899153362 (@Ka1D3en): 📋 Редактировать список клана
[2026-06-17 20:28:25] [ЮЗЕР -> БОТ] ID 7899153362 (@Ka1D3en): @username1 — НикВИгре1
[2026-06-17 20:28:33] [ЮЗЕР -> БОТ] ID 7899153362 (@Ka1D3en): @username1 — НикВИгре1
[2026-06-17 20:34:52] [MAIN_ADMIN] Админ ID 7899153362 (@Ka1D3en): 🚀 Успешно выполнил <b>автоматическое развертывание топиков логов</b> системы.
[2026-06-17 20:35:17] [ЮЗЕР -> БОТ] ID 7899153362 (@Ka1D3en): /start
[2026-06-17 20:40:38] [ЮЗЕР -> БОТ] ID 6430486779 (@H555HH96): /start
[2026-06-17 20:40:54] [ЮЗЕР -> БОТ] ID 6430486779 (@H555HH96): *gigachat*
[2026-06-17 20:41:11] [ЮЗЕР -> БОТ] ID 6430486779 (@H555HH96): 💡 Отправить предложение
[2026-06-17 20:41:14] [ЮЗЕР -> БОТ] ID 6430486779 (@H555HH96): 👔 Для админов
[2026-06-17 20:49:29] [ЮЗЕР -> БОТ] ID 7899153362 (@Ka1D3en): /start
[2026-06-17 20:49:44] [ЮЗЕР -> БОТ] ID 7899153362 (@Ka1D3en): Kaitogamer(YT)
[2026-06-17 20:49:45] [БОТ -> ЮЗЕР] ID 7899153362 (@Ka1D3en): 🎉 Никнейм успешно сохранен: <b>Kaitogamer(YT)</b>
[2026-06-17 20:50:08] [ЮЗЕР -> БОТ] ID 6430486779 (@H555HH96): 💡 Отправить предложение
[2026-06-17 20:50:10] [ЮЗЕР -> БОТ] ID 6430486779 (@H555HH96): /start
[2026-06-17 20:50:19] [ЮЗЕР -> БОТ] ID 6430486779 (@H555HH96): *gigachat*
[2026-06-17 20:50:20] [БОТ -> ЮЗЕР] ID 6430486779 (@H555HH96): 🎉 Никнейм успешно сохранен: <b>*gigachat*</b>
[2026-06-17 20:50:21] [ЮЗЕР -> БОТ] ID 6430486779 (@H555HH96): 👔 Для админов
[2026-06-17 20:50:41] [ЮЗЕР -> БОТ] ID 6430486779 (@H555HH96): 📊 Список кто что пушит
[2026-06-17 20:50:43] [ЮЗЕР -> БОТ] ID 6430486779 (@H555HH96): 👤 Участники без ников
[2026-06-17 21:49:23] [ЮЗЕР -> БОТ] ID 5281584435 (@dyadya_karlson): /start
[2026-06-17 21:49:59] [ЮЗЕР -> БОТ] ID 5281584435 (@dyadya_karlson): TSG | Slawex☔
[2026-06-17 21:50:01] [БОТ -> ЮЗЕР] ID 5281584435 (@dyadya_karlson): 🎉 Никнейм успешно сохранен: <b>TSG | Slawex☔</b>
[2026-06-17 21:50:08] [ЮЗЕР -> БОТ] ID 5281584435 (@dyadya_karlson): 👔 Для админов
[2026-06-17 21:50:51] [ЮЗЕР -> БОТ] ID 5281584435 (@dyadya_karlson): ◀️ Выйти из админки
[2026-06-17 21:50:58] [ЮЗЕР -> БОТ] ID 5281584435 (@dyadya_karlson): 👔 Для админов
[2026-06-17 21:51:00] [ЮЗЕР -> БОТ] ID 5281584435 (@dyadya_karlson): ◀️ Выйти из админки
[2026-06-17 21:51:04] [ЮЗЕР -> БОТ] ID 5281584435 (@dyadya_karlson): 👔 Для админов
[2026-06-17 21:51:36] [ЮЗЕР -> БОТ] ID 5281584435 (@dyadya_karlson): 👤 Участники без ников
[2026-06-17 21:52:07] [ЮЗЕР -> БОТ] ID 5281584435 (@dyadya_karlson): 📋 Редактировать список клана
[2026-06-17 22:44:45] [ЮЗЕР -> БОТ] ID 1087757529 (@dmoley): /start
[2026-06-17 22:50:46] [ЮЗЕР -> БОТ] ID 1087757529 (@dmoley): ПоВиЛиТелЬ-ТьМы
[2026-06-17 22:50:48] [БОТ -> ЮЗЕР] ID 1087757529 (@dmoley): 🎉 Никнейм успешно сохранен: <b>ПоВиЛиТелЬ-ТьМы</b>
[2026-06-17 23:38:27] [ЮЗЕР -> БОТ] ID 5281584435 (@dyadya_karlson): ◀️ Выйти из админки
[2026-06-17 23:38:43] [ЮЗЕР -> БОТ] ID 5281584435 (@dyadya_karlson): 👔 Для админов
[2026-06-17 23:38:47] [ЮЗЕР -> БОТ] ID 5281584435 (@dyadya_karlson): 📬 Прочитать предложки
